<?xml version="1.0" encoding="UTF-8"?>
<!-- Generated by org.testng.reporters.JUnitXMLReporter -->
<testsuite ignored="1" hostname="DESKTOP-3APH7UC" failures="0" tests="2" name="Submit Order Test" time="34.085" errors="0" timestamp="2024-02-05T07:45:01 IST">
  <testcase classname="Hariprasad.tests.SubmitOrderTest" name="submitOrder" time="12.227"/>
  <testcase classname="Hariprasad.tests.SubmitOrderTest" name="submitOrder" time="12.309"/>
  <testcase classname="Hariprasad.tests.SubmitOrderTest" name="OrderHistoryTest" time="0.0">
    <ignored/>
  </testcase> <!-- OrderHistoryTest -->
</testsuite> <!-- Submit Order Test -->
